<?xml version="1.0" encoding="UTF-8"?>
<!-- Generated by org.testng.reporters.JUnitReportReporter -->
<testsuite skipped="0" hostname="Shashidharswamy" name="Practice22112022.createTest" tests="1" failures="0" timestamp="2022-11-25T23:49:06 IST" time="0.002" errors="0">
  <testcase name="test1" time="0.002" classname="Practice22112022.createTest"/>
  <system-out/>
</testsuite> <!-- Practice22112022.createTest -->
