<?xml version="1.0" encoding="UTF-8"?>
<!-- Generated by org.testng.reporters.JUnitReportReporter -->
<testsuite skipped="0" hostname="DESKTOP-QA7IFKP" name="practicepackage.BookTicket" tests="5" failures="0" timestamp="2022-08-28T21:32:59 IST" time="0.015" errors="0">
  <testcase name="BookTicketTest" time="0.002" classname="practicepackage.BookTicket"/>
  <system-out/>
  <testcase name="BookTicketTest" time="0.003" classname="practicepackage.BookTicket"/>
  <system-out/>
  <testcase name="BookTicketTest" time="0.002" classname="practicepackage.BookTicket"/>
  <system-out/>
  <testcase name="BookTicketTest" time="0.001" classname="practicepackage.BookTicket"/>
  <system-out/>
  <testcase name="BookTicketTest" time="0.007" classname="practicepackage.BookTicket"/>
  <system-out/>
</testsuite> <!-- practicepackage.BookTicket -->
