<?xml version="1.0" encoding="UTF-8"?>
<!-- Generated by org.testng.reporters.JUnitReportReporter -->
<testsuite skipped="1" hostname="Shashidharswamy" name="practicepackage.GetData" tests="1" failures="0" timestamp="2022-10-16T15:45:42 IST" time="0.000" errors="0">
  <testcase name="launchbrowser" time="0.000" classname="practicepackage.GetData">
    <skipped/>
  </testcase> <!-- launchbrowser -->
  <system-out/>
</testsuite> <!-- practicepackage.GetData -->
