<?xml version="1.0" encoding="UTF-8"?>
<!-- Generated by org.testng.reporters.JUnitReportReporter -->
<testsuite skipped="1" hostname="Shashidharswamy" name="DataProvider.DatadrivenForFBLogin" tests="1" failures="0" timestamp="2022-10-16T18:22:22 IST" time="0.000" errors="0">
  <testcase name="login" time="0.000" classname="DataProvider.DatadrivenForFBLogin">
    <skipped/>
  </testcase> <!-- login -->
  <system-out/>
</testsuite> <!-- DataProvider.DatadrivenForFBLogin -->
