<?xml version="1.0" encoding="UTF-8"?>
<!-- Generated by org.testng.reporters.JUnitReportReporter -->
<testsuite skipped="0" hostname="Shashidharswamy" name="TestOrMock.crickbuzz" tests="1" failures="0" timestamp="2022-11-07T12:52:01 IST" time="24.429" errors="0">
  <testcase name="crickbuzz" time="24.429" classname="TestOrMock.crickbuzz"/>
  <system-out/>
</testsuite> <!-- TestOrMock.crickbuzz -->
