<?xml version="1.0" encoding="UTF-8"?>
<!-- Generated by org.testng.reporters.JUnitReportReporter -->
<testsuite skipped="1" hostname="Shashidharswamy" name="DataProvider.GetData" tests="1" failures="0" timestamp="2022-10-16T17:45:53 IST" time="0.000" errors="0">
  <testcase name="launchbrowser" time="0.000" classname="DataProvider.GetData">
    <skipped/>
  </testcase> <!-- launchbrowser -->
  <system-out/>
</testsuite> <!-- DataProvider.GetData -->
