<?xml version="1.0" encoding="UTF-8"?>
<!-- Generated by org.testng.reporters.JUnitReportReporter -->
<testsuite hostname="DESKTOP-QA7IFKP" failures="0" tests="5" name="practicepackage.Ticket" time="0.027" errors="0" timestamp="2022-08-20T12:12:13 IST" skipped="0">
  <testcase classname="practicepackage.Ticket" name="dataprovidertest" time="0.007"/>
  <system-out/>
  <testcase classname="practicepackage.Ticket" name="dataprovidertest" time="0.009"/>
  <system-out/>
  <testcase classname="practicepackage.Ticket" name="dataprovidertest" time="0.003"/>
  <system-out/>
  <testcase classname="practicepackage.Ticket" name="dataprovidertest" time="0.004"/>
  <system-out/>
  <testcase classname="practicepackage.Ticket" name="dataprovidertest" time="0.004"/>
  <system-out/>
</testsuite> <!-- practicepackage.Ticket -->
