<?xml version="1.0" encoding="UTF-8"?>
<!-- Generated by org.testng.reporters.JUnitReportReporter -->
<testsuite skipped="0" hostname="Shashidharswamy" name="Practice.hi" tests="2" failures="0" timestamp="2023-01-03T15:36:21 IST" time="0.009" errors="0">
  <testcase name="test1" time="0.008" classname="Practice.hi"/>
  <system-out/>
  <testcase name="test2" time="0.001" classname="Practice.hi"/>
  <system-out/>
</testsuite> <!-- Practice.hi -->
