<?xml version="1.0" encoding="UTF-8"?>
<!-- Generated by org.testng.reporters.JUnitReportReporter -->
<testsuite skipped="0" hostname="DESKTOP-QA7IFKP" name="practicepackage.ReadFromExcel" tests="5" failures="0" timestamp="2022-08-24T13:05:29 IST" time="0.045" errors="0">
  <testcase name="read" time="0.008" classname="practicepackage.ReadFromExcel"/>
  <system-out/>
  <testcase name="read" time="0.016" classname="practicepackage.ReadFromExcel"/>
  <system-out/>
  <testcase name="read" time="0.004" classname="practicepackage.ReadFromExcel"/>
  <system-out/>
  <testcase name="read" time="0.011" classname="practicepackage.ReadFromExcel"/>
  <system-out/>
  <testcase name="read" time="0.006" classname="practicepackage.ReadFromExcel"/>
  <system-out/>
</testsuite> <!-- practicepackage.ReadFromExcel -->
