<?xml version="1.0" encoding="UTF-8"?>
<!-- Generated by org.testng.reporters.JUnitReportReporter -->
<testsuite skipped="0" hostname="Shashidharswamy" name="DataProvider.BookticketDataprovider" tests="6" failures="0" timestamp="2022-11-22T12:29:46 IST" time="0.020" errors="0">
  <testcase name="bookticketTest" time="0.003" classname="DataProvider.BookticketDataprovider"/>
  <system-out/>
  <testcase name="bookticketTest" time="0.002" classname="DataProvider.BookticketDataprovider"/>
  <system-out/>
  <testcase name="bookticketTest" time="0.001" classname="DataProvider.BookticketDataprovider"/>
  <system-out/>
  <testcase name="bookticketTest" time="0.002" classname="DataProvider.BookticketDataprovider"/>
  <system-out/>
  <testcase name="bookticketTest" time="0.002" classname="DataProvider.BookticketDataprovider"/>
  <system-out/>
  <testcase name="bookticketTest" time="0.010" classname="DataProvider.BookticketDataprovider"/>
  <system-out/>
</testsuite> <!-- DataProvider.BookticketDataprovider -->
