<?xml version="1.0" encoding="UTF-8"?>
<!-- Generated by org.testng.reporters.JUnitReportReporter -->
<testsuite skipped="0" hostname="Shashidharswamy" name="TestOrMock.ValidateDataBase_Data" tests="1" failures="0" timestamp="2022-11-30T22:53:19 IST" time="8.592" errors="0">
  <testcase name="DBconnetion" time="8.592" classname="TestOrMock.ValidateDataBase_Data"/>
  <system-out/>
</testsuite> <!-- TestOrMock.ValidateDataBase_Data -->
