<?xml version="1.0" encoding="UTF-8"?>
<!-- Generated by org.testng.reporters.JUnitReportReporter -->
<testsuite skipped="0" hostname="Shashidharswamy" name="ProgrammesHomeworks.JavascriptExicuter" tests="1" failures="0" timestamp="2022-10-02T19:19:43 IST" time="13.890" errors="0">
  <testcase name="java" time="13.890" classname="ProgrammesHomeworks.JavascriptExicuter"/>
  <system-out/>
</testsuite> <!-- ProgrammesHomeworks.JavascriptExicuter -->
