<?xml version="1.0" encoding="UTF-8"?>
<!-- Generated by org.testng.reporters.JUnitReportReporter -->
<testsuite hostname="DESKTOP-QA7IFKP" failures="0" tests="1" name="practicepackage.GetData" time="0.000" errors="0" timestamp="2022-08-22T23:01:53 IST" skipped="1">
  <testcase classname="practicepackage.GetData" name="launchbrowser" time="0.000">
    <skipped/>
  </testcase> <!-- launchbrowser -->
  <system-out/>
</testsuite> <!-- practicepackage.GetData -->
